<?xml version="1.0" encoding="UTF-8"?>
<!-- Generated by org.testng.reporters.JUnitReportReporter -->
<testsuite hostname="DESKTOP-FV1RLS4" failures="0" tests="1" name="TestNICE_Project" time="0.004" errors="0" timestamp="2022-03-08T15:34:52 IST" skipped="0">
  <testcase classname="TestNICE_Project" name="testNICE_project" time="0.004"/>
  <system-out/>
</testsuite> <!-- TestNICE_Project -->
